TN:
SF:lib/faq-content.ts
FN:1,(empty-report)
FNF:1
FNH:1
FNDA:1,(empty-report)
DA:2,0
DA:3,0
DA:4,0
DA:5,0
DA:6,0
DA:7,0
DA:8,0
DA:9,0
DA:10,0
DA:11,0
DA:12,0
DA:13,0
DA:14,0
DA:15,0
DA:16,0
DA:17,0
DA:18,0
DA:19,0
DA:20,0
DA:21,0
DA:22,0
DA:23,0
DA:24,0
DA:25,0
DA:26,0
DA:27,0
DA:28,0
DA:29,0
DA:30,0
DA:31,0
DA:32,0
DA:33,0
DA:34,0
DA:35,0
DA:36,0
DA:37,0
DA:38,0
DA:39,0
DA:40,0
DA:41,0
DA:42,0
DA:43,0
DA:44,0
DA:45,0
DA:46,0
DA:47,0
DA:48,0
DA:49,0
DA:50,0
DA:51,0
DA:52,0
DA:53,0
DA:54,0
DA:55,0
DA:56,0
DA:57,0
DA:58,0
DA:59,0
DA:60,0
DA:61,0
DA:62,0
DA:63,0
DA:64,0
DA:65,0
DA:66,0
DA:67,0
DA:68,0
DA:69,0
DA:70,0
DA:71,0
DA:72,0
DA:73,0
LF:72
LH:0
BRDA:1,0,0,1
BRF:1
BRH:1
end_of_record
TN:
SF:lib/faq-marketing-data.ts
FN:1,(empty-report)
FNF:1
FNH:1
FNDA:1,(empty-report)
DA:8,0
DA:9,0
DA:10,0
DA:11,0
DA:12,0
DA:13,0
DA:14,0
DA:15,0
DA:16,0
DA:17,0
DA:18,0
DA:19,0
DA:20,0
DA:21,0
DA:22,0
DA:23,0
DA:24,0
DA:25,0
DA:26,0
DA:27,0
DA:28,0
DA:29,0
DA:30,0
DA:31,0
DA:32,0
DA:33,0
DA:34,0
DA:35,0
DA:36,0
DA:37,0
DA:38,0
DA:39,0
DA:40,0
DA:41,0
DA:42,0
DA:43,0
DA:44,0
DA:45,0
DA:46,0
DA:47,0
DA:48,0
DA:49,0
DA:50,0
DA:51,0
DA:52,0
DA:53,0
DA:54,0
DA:55,0
DA:56,0
DA:57,0
DA:58,0
DA:59,0
DA:60,0
DA:61,0
DA:62,0
DA:63,0
DA:64,0
DA:65,0
DA:66,0
DA:67,0
DA:68,0
DA:69,0
DA:70,0
DA:71,0
DA:72,0
DA:73,0
DA:74,0
DA:75,0
DA:76,0
DA:77,0
DA:78,0
DA:79,0
DA:80,0
DA:81,0
DA:82,0
DA:83,0
DA:84,0
DA:85,0
DA:86,0
DA:87,0
DA:88,0
DA:89,0
DA:90,0
DA:91,0
DA:92,0
DA:93,0
DA:94,0
DA:95,0
DA:96,0
DA:97,0
DA:98,0
DA:99,0
DA:100,0
DA:101,0
DA:102,0
DA:103,0
DA:104,0
DA:105,0
DA:106,0
DA:107,0
DA:108,0
DA:109,0
DA:110,0
DA:111,0
DA:112,0
DA:113,0
DA:114,0
DA:115,0
DA:117,0
DA:118,0
DA:119,0
LF:111
LH:0
BRDA:1,0,0,1
BRF:1
BRH:1
end_of_record
TN:
SF:lib/forms.ts
FN:1,(empty-report)
FNF:1
FNH:1
FNDA:1,(empty-report)
DA:6,0
LF:1
LH:0
BRDA:1,0,0,1
BRF:1
BRH:1
end_of_record
TN:
SF:lib/metadata.ts
FN:4,pageMetadata
FNF:1
FNH:1
FNDA:5,pageMetadata
DA:2,1
DA:4,1
DA:8,5
DA:9,5
DA:10,5
DA:11,5
DA:12,5
DA:13,5
DA:14,5
DA:15,5
DA:16,5
DA:17,5
DA:18,5
DA:19,5
DA:20,5
DA:21,5
DA:22,5
DA:23,5
DA:24,5
DA:25,5
DA:26,5
DA:27,5
DA:28,5
DA:30,1
DA:31,1
DA:32,1
DA:33,1
DA:34,1
DA:35,1
DA:36,1
DA:37,1
DA:38,1
DA:39,1
DA:40,1
DA:41,1
DA:42,1
DA:43,1
DA:44,1
DA:45,1
DA:46,1
DA:47,1
LF:41
LH:41
BRDA:4,0,0,5
BRDA:9,1,0,1
BRDA:9,2,0,4
BRF:3
BRH:3
end_of_record
TN:
SF:lib/pagespeed-insights.ts
FN:11,normalizePsiStrategy
FN:16,buildPsiQuery
FN:34,categoryScoreToPercent
FNF:3
FNH:3
FNDA:7,normalizePsiStrategy
FNDA:13,buildPsiQuery
FNDA:9,categoryScoreToPercent
DA:7,1
DA:11,1
DA:12,7
DA:13,7
DA:16,1
DA:20,13
DA:21,13
DA:22,13
DA:23,13
DA:24,13
DA:25,13
DA:26,13
DA:27,52
DA:28,52
DA:29,13
DA:30,13
DA:31,13
DA:34,1
DA:35,9
DA:36,7
DA:37,9
DA:38,6
DA:39,6
LF:23
LH:23
BRDA:11,0,0,7
BRDA:12,1,0,1
BRDA:12,2,0,6
BRDA:16,3,0,13
BRDA:26,4,0,52
BRDA:29,5,0,1
BRDA:34,6,0,9
BRDA:35,7,0,8
BRDA:35,8,0,2
BRDA:35,9,0,7
BRDA:37,10,0,1
BRDA:37,11,0,6
BRF:12
BRH:12
end_of_record
TN:
SF:lib/schema.ts
FN:1,(empty-report)
FNF:1
FNH:0
FNDA:0,(empty-report)
DA:1,0
DA:16,0
DA:17,0
DA:18,0
DA:19,0
DA:20,0
DA:21,0
DA:22,0
DA:23,0
DA:24,0
DA:25,0
DA:26,0
DA:27,0
DA:28,0
DA:29,0
DA:30,0
DA:31,0
DA:32,0
DA:33,0
DA:34,0
DA:35,0
DA:36,0
DA:37,0
DA:38,0
DA:39,0
DA:40,0
DA:41,0
DA:42,0
DA:43,0
DA:44,0
DA:45,0
DA:46,0
DA:47,0
DA:48,0
DA:49,0
DA:50,0
DA:51,0
DA:52,0
DA:53,0
DA:54,0
DA:55,0
DA:56,0
DA:57,0
DA:58,0
DA:59,0
DA:60,0
DA:61,0
DA:62,0
DA:63,0
DA:64,0
DA:65,0
DA:66,0
DA:67,0
DA:68,0
DA:69,0
DA:70,0
DA:71,0
DA:72,0
DA:74,0
DA:75,0
DA:76,0
DA:77,0
DA:78,0
DA:79,0
DA:80,0
DA:81,0
DA:82,0
DA:83,0
DA:84,0
DA:86,0
DA:87,0
DA:88,0
DA:89,0
DA:90,0
DA:91,0
DA:92,0
DA:93,0
DA:94,0
DA:95,0
DA:96,0
DA:97,0
DA:99,0
DA:100,0
DA:101,0
DA:102,0
DA:103,0
DA:104,0
DA:105,0
DA:106,0
DA:107,0
DA:108,0
DA:109,0
DA:110,0
DA:111,0
DA:113,0
DA:114,0
DA:115,0
DA:116,0
DA:117,0
DA:118,0
DA:119,0
DA:120,0
DA:121,0
DA:122,0
DA:123,0
DA:124,0
DA:125,0
DA:126,0
LF:108
LH:0
BRDA:1,0,0,0
BRF:1
BRH:0
end_of_record
TN:
SF:lib/site.ts
FN:2,normalizeSiteUrl
FNF:1
FNH:1
FNDA:1,normalizeSiteUrl
DA:2,1
DA:3,1
DA:4,1
DA:5,0
DA:6,0
DA:7,0
DA:8,0
DA:9,0
DA:10,0
DA:11,1
DA:13,1
DA:15,1
DA:16,1
DA:18,1
DA:19,1
DA:20,1
DA:21,1
DA:23,1
DA:24,1
DA:25,1
DA:26,1
DA:27,1
DA:28,1
DA:29,1
DA:30,1
DA:31,1
DA:32,1
DA:35,1
DA:36,1
DA:37,1
DA:38,1
DA:40,1
DA:41,1
DA:43,1
DA:46,1
DA:52,1
DA:58,1
DA:64,1
DA:66,1
DA:68,1
DA:69,1
DA:70,1
DA:73,1
DA:74,1
DA:76,1
DA:77,1
DA:78,1
LF:47
LH:41
BRDA:2,0,0,1
BRDA:4,1,0,0
BRF:2
BRH:1
end_of_record
TN:
SF:lib/audit/run-audit.ts
FN:13,clampScore
FN:23,runAudit
FNF:2
FNH:2
FNDA:16,clampScore
FNDA:9,runAudit
DA:1,1
DA:2,1
DA:3,1
DA:13,16
DA:14,16
DA:15,16
DA:23,9
DA:24,9
DA:25,9
DA:26,9
DA:27,9
DA:28,1
DA:29,1
DA:30,9
DA:31,1
DA:32,1
DA:33,1
DA:34,1
DA:35,1
DA:36,1
DA:37,1
DA:38,1
DA:39,8
DA:40,8
DA:41,8
DA:42,8
DA:43,8
DA:44,8
DA:46,8
DA:47,8
DA:48,9
DA:49,1
DA:50,1
DA:51,1
DA:52,5
DA:53,9
DA:54,9
DA:55,3
DA:56,3
DA:58,8
DA:59,8
DA:60,8
DA:61,8
DA:62,6
DA:63,9
DA:64,2
DA:65,2
DA:67,8
DA:68,8
DA:69,8
DA:70,8
DA:72,8
DA:73,8
DA:74,8
DA:75,9
DA:76,9
DA:77,9
DA:78,9
DA:79,9
DA:80,9
DA:81,9
DA:83,9
DA:84,9
DA:85,9
DA:86,9
DA:87,9
DA:88,9
DA:89,9
DA:90,9
LF:69
LH:69
BRDA:13,0,0,16
BRDA:23,1,0,9
BRDA:27,2,0,1
BRDA:30,3,0,1
BRDA:38,4,0,8
BRDA:47,5,0,6
BRDA:48,6,0,1
BRDA:51,7,0,5
BRDA:53,8,0,0
BRDA:54,9,0,3
BRDA:55,10,0,0
BRDA:56,11,0,8
BRDA:61,12,0,6
BRDA:63,13,0,2
BRDA:65,14,0,8
BRDA:75,15,0,3
BRDA:76,16,0,6
BRDA:77,17,0,6
BRDA:78,18,0,6
BRDA:79,19,0,6
BRDA:80,20,0,4
BRDA:87,21,0,6
BRDA:87,22,0,2
BRF:23
BRH:21
end_of_record
TN:
SF:lib/messaging/sms-service.ts
FN:18,<instance_members_initializer>
FN:21,sendSms
FN:27,<instance_members_initializer>
FN:30,sendSms
FN:64,getMessagingProvider
FNF:5
FNH:5
FNDA:2,<instance_members_initializer>
FNDA:1,sendSms
FNDA:4,<instance_members_initializer>
FNDA:3,sendSms
FNDA:6,getMessagingProvider
DA:18,2
DA:19,2
DA:21,2
DA:22,1
DA:23,1
DA:24,1
DA:25,2
DA:27,4
DA:28,4
DA:30,4
DA:31,3
DA:32,3
DA:33,3
DA:35,3
DA:36,1
DA:37,1
DA:39,2
DA:40,2
DA:41,2
DA:42,2
DA:43,2
DA:44,2
DA:46,2
DA:47,2
DA:48,2
DA:49,2
DA:50,2
DA:51,2
DA:52,2
DA:53,2
DA:55,3
DA:56,1
DA:57,1
DA:58,1
DA:60,1
DA:61,3
DA:62,4
DA:64,1
DA:65,6
DA:66,4
DA:67,4
DA:68,2
DA:69,2
LF:43
LH:43
BRDA:18,0,0,2
BRDA:21,1,0,1
BRDA:27,2,0,4
BRDA:30,3,0,3
BRDA:35,4,0,2
BRDA:35,5,0,2
BRDA:35,6,0,1
BRDA:37,7,0,2
BRDA:55,8,0,1
BRDA:64,9,0,6
BRDA:65,10,0,4
BRDA:67,11,0,2
BRF:12
BRH:12
end_of_record
TN:
SF:lib/security/request-guards.ts
FN:1,getClientIp
FN:11,isSameSiteRequest
FN:36,hasJsonContentType
FNF:3
FNH:3
FNDA:5,getClientIp
FNDA:9,isSameSiteRequest
FNDA:5,hasJsonContentType
DA:1,1
DA:2,5
DA:3,5
DA:4,2
DA:5,2
DA:6,2
DA:7,5
DA:8,5
DA:9,5
DA:11,1
DA:12,9
DA:13,9
DA:14,8
DA:15,8
DA:16,8
DA:17,9
DA:18,1
DA:19,1
DA:21,7
DA:22,9
DA:24,5
DA:25,9
DA:26,3
DA:27,3
DA:28,3
DA:29,1
DA:30,1
DA:31,3
DA:33,2
DA:34,2
DA:36,1
DA:37,5
DA:38,5
DA:39,5
LF:34
LH:34
BRDA:1,0,0,5
BRDA:3,1,0,2
BRDA:6,2,0,3
BRDA:7,3,0,2
BRDA:8,4,0,1
BRDA:11,5,0,9
BRDA:13,6,0,1
BRDA:13,7,0,8
BRDA:17,8,0,1
BRDA:19,9,0,7
BRDA:22,10,0,2
BRDA:22,11,0,5
BRDA:25,12,0,3
BRDA:28,13,0,1
BRDA:31,14,0,2
BRDA:36,15,0,5
BRDA:37,16,0,1
BRF:17
BRH:17
end_of_record
TN:
SF:lib/seo/schemas.ts
FN:1,breadcrumbSchema
FNF:1
FNH:1
FNDA:4,breadcrumbSchema
DA:1,1
DA:2,4
DA:3,4
DA:4,4
DA:5,4
DA:6,4
DA:7,4
DA:8,4
DA:9,4
DA:10,4
DA:11,4
DA:12,4
LF:12
LH:12
BRDA:1,0,0,4
BRDA:5,1,0,4
BRF:2
BRH:2
end_of_record
TN:
SF:lib/turnstile/verify.ts
FN:5,verifyTurnstileToken
FN:26,turnstileRequired
FNF:2
FNH:2
FNDA:7,verifyTurnstileToken
FNDA:3,turnstileRequired
DA:5,7
DA:6,7
DA:7,7
DA:9,7
DA:11,4
DA:12,4
DA:13,4
DA:14,7
DA:16,4
DA:17,4
DA:18,4
DA:19,4
DA:20,4
DA:22,4
DA:23,4
DA:24,4
DA:26,1
DA:27,3
DA:28,3
LF:19
LH:19
BRDA:5,0,0,7
BRDA:7,1,0,1
BRDA:7,2,0,6
BRDA:9,3,0,5
BRDA:9,4,0,5
BRDA:9,5,0,2
BRDA:9,6,0,4
BRDA:14,7,0,3
BRDA:14,8,0,2
BRDA:14,9,0,4
BRDA:26,10,0,3
BRF:11
BRH:11
end_of_record
TN:
SF:lib/utils/id.ts
FN:1,createId
FNF:1
FNH:1
FNDA:1005,createId
DA:1,1
DA:2,1005
DA:3,1005
DA:4,1005
LF:4
LH:4
BRDA:1,0,0,1005
BRF:1
BRH:1
end_of_record
TN:
SF:lib/utils/normalize-website-url.ts
FN:5,normalizeWebsiteUrl
FNF:1
FNH:1
FNDA:21,normalizeWebsiteUrl
DA:5,1
DA:6,21
DA:7,21
DA:8,3
DA:9,3
DA:11,18
DA:12,21
DA:13,11
DA:14,11
DA:15,21
DA:16,1
DA:17,1
DA:18,6
DA:19,21
DA:20,1
DA:21,1
DA:22,21
LF:17
LH:17
BRDA:5,0,0,21
BRDA:7,1,0,3
BRDA:9,2,0,18
BRDA:12,3,0,11
BRDA:14,4,0,7
BRDA:15,5,0,1
BRDA:17,6,0,6
BRDA:19,7,0,1
BRF:8
BRH:8
end_of_record
TN:
SF:lib/utils/rate-limit.ts
FN:1,(empty-report)
FNF:1
FNH:0
FNDA:0,(empty-report)
DA:1,0
DA:2,0
DA:9,0
DA:11,0
DA:12,0
DA:13,0
DA:15,0
DA:16,0
DA:17,0
DA:18,0
DA:20,0
DA:21,0
DA:22,0
DA:23,0
DA:25,0
DA:27,0
DA:28,0
DA:29,0
DA:30,0
DA:31,0
DA:32,0
DA:33,0
DA:34,0
DA:35,0
DA:36,0
DA:37,0
DA:38,0
DA:39,0
DA:40,0
DA:41,0
DA:43,0
DA:45,0
DA:46,0
DA:47,0
DA:48,0
DA:49,0
DA:50,0
DA:51,0
DA:52,0
DA:53,0
DA:54,0
DA:55,0
DA:56,0
DA:57,0
DA:58,0
DA:59,0
DA:60,0
DA:65,0
DA:66,0
DA:67,0
DA:68,0
DA:69,0
DA:70,0
DA:71,0
DA:72,0
DA:73,0
LF:56
LH:0
BRDA:1,0,0,0
BRF:1
BRH:0
end_of_record
TN:
SF:lib/utils/safe-fetch-url.ts
FN:5,ipv4Parts
FN:16,isUnsafeIpv4
FN:29,isUnsafeIpv6
FN:38,assertUrlSafeForServerFetch
FNF:4
FNH:4
FNDA:31,ipv4Parts
FNDA:31,isUnsafeIpv4
FNDA:20,isUnsafeIpv6
FNDA:36,assertUrlSafeForServerFetch
DA:5,31
DA:6,31
DA:7,31
DA:8,16
DA:9,16
DA:10,16
DA:11,16
DA:12,23
DA:13,16
DA:14,16
DA:16,31
DA:17,31
DA:18,31
DA:19,16
DA:20,31
DA:21,31
DA:22,31
DA:23,31
DA:24,31
DA:25,23
DA:26,5
DA:27,5
DA:29,20
DA:31,20
DA:32,20
DA:33,20
DA:34,20
DA:35,16
DA:36,16
DA:38,1
DA:39,36
DA:40,36
DA:41,36
DA:42,36
DA:43,1
DA:44,1
DA:45,36
DA:46,2
DA:47,2
DA:48,33
DA:49,36
DA:51,36
DA:52,2
DA:53,2
DA:54,36
DA:55,15
DA:56,15
DA:57,36
LF:48
LH:48
BRDA:5,0,0,31
BRDA:7,1,0,15
BRDA:7,2,0,23
BRDA:7,3,0,16
BRDA:12,4,0,0
BRDA:12,5,0,16
BRDA:12,6,0,64
BRDA:16,7,0,31
BRDA:18,8,0,15
BRDA:18,9,0,23
BRDA:18,10,0,16
BRDA:20,11,0,15
BRDA:20,12,0,13
BRDA:20,13,0,23
BRDA:20,14,0,4
BRDA:20,15,0,12
BRDA:21,16,0,4
BRDA:21,17,0,3
BRDA:21,18,0,23
BRDA:21,19,0,2
BRDA:21,20,0,10
BRDA:22,21,0,1
BRDA:22,22,0,23
BRDA:22,23,0,1
BRDA:22,24,0,9
BRDA:23,25,0,1
BRDA:23,26,0,23
BRDA:23,27,0,1
BRDA:23,28,0,8
BRDA:24,29,0,4
BRDA:24,30,0,3
BRDA:24,31,0,23
BRDA:24,32,0,2
BRDA:24,33,0,6
BRDA:25,34,0,1
BRDA:25,35,0,5
BRDA:29,36,0,20
BRDA:32,37,0,1
BRDA:32,38,0,19
BRDA:33,39,0,18
BRDA:33,40,0,2
BRDA:33,41,0,17
BRDA:34,42,0,1
BRDA:34,43,0,16
BRDA:38,44,0,36
BRDA:42,45,0,1
BRDA:44,46,0,35
BRDA:45,47,0,12
BRDA:45,48,0,2
BRDA:47,49,0,33
BRDA:49,50,0,0
BRDA:49,51,0,33
BRDA:51,52,0,32
BRDA:51,53,0,2
BRDA:53,54,0,31
BRDA:54,55,0,20
BRDA:54,56,0,15
BRF:57
BRH:55
end_of_record
TN:
SF:lib/validators/contact-marketing.ts
FNF:0
FNH:0
DA:1,1
DA:3,1
DA:4,1
DA:5,1
DA:6,1
DA:7,1
DA:8,14
DA:9,14
DA:10,14
DA:11,14
DA:12,14
DA:13,14
DA:14,1
DA:15,1
DA:16,14
DA:17,1
DA:18,13
DA:19,13
DA:20,13
DA:21,13
DA:23,1
DA:24,1
DA:25,1
DA:26,1
DA:27,1
DA:28,1
DA:29,1
DA:30,1
DA:31,1
DA:32,1
DA:33,1
DA:34,1
DA:35,1
DA:36,1
DA:38,1
DA:39,1
DA:40,1
DA:41,1
LF:38
LH:38
BRDA:7,0,0,14
BRDA:9,1,0,3
BRDA:9,2,0,11
BRDA:10,3,0,9
BRDA:10,4,0,2
BRDA:13,5,0,1
BRDA:17,6,0,13
BRDA:19,7,0,3
BRDA:19,8,0,10
BRDA:20,9,0,9
BRDA:20,10,0,1
BRF:11
BRH:11
end_of_record
TN:
SF:lib/validators/intake.ts
FNF:0
FNH:0
DA:1,1
DA:3,1
DA:4,1
DA:5,1
DA:6,1
DA:7,1
DA:8,15
DA:9,15
DA:10,15
DA:11,15
DA:12,15
DA:13,15
DA:14,1
DA:15,1
DA:16,15
DA:17,1
DA:18,14
DA:19,14
DA:20,14
DA:21,14
DA:23,1
DA:24,1
DA:25,1
DA:26,1
DA:27,1
DA:28,1
DA:29,1
DA:30,1
DA:31,1
DA:32,1
DA:33,1
DA:34,1
DA:35,1
DA:36,1
DA:37,1
DA:38,1
DA:39,1
DA:40,1
DA:41,1
DA:42,1
DA:43,1
DA:44,1
LF:42
LH:42
BRDA:7,0,0,15
BRDA:9,1,0,1
BRDA:9,2,0,14
BRDA:10,3,0,12
BRDA:10,4,0,2
BRDA:13,5,0,1
BRDA:17,6,0,14
BRDA:19,7,0,1
BRDA:19,8,0,13
BRDA:20,9,0,12
BRDA:20,10,0,1
BRF:11
BRH:11
end_of_record
TN:
SF:lib/validators/register.ts
FNF:0
FNH:0
DA:1,1
DA:3,1
DA:4,1
DA:5,1
DA:6,1
DA:7,1
DA:8,1
DA:9,1
DA:10,1
DA:11,1
DA:12,1
LF:11
LH:11
BRF:0
BRH:0
end_of_record
